F:\LEARN\CUDA  COM\MST_64\OBJ\TRANSFILE.OBJ
F:\LEARN\CUDA  COM\MST_64\OBJ\VC110.PDB
F:\LEARN\CUDA  COM\MST_64\OBJ\CMP.OBJ
F:\LEARN\CUDA  COM\MST_64\OBJ\BOOSTMST.OBJ
F:\LEARN\CUDA  COM\MST_64\OBJ\MAIN.OBJ
F:\LEARN\CUDA  COM\MST_64\BIN\TRANSFILE.ILK
F:\LEARN\CUDA  COM\MST_64\BIN\TRANSFILE.EXE
F:\LEARN\CUDA  COM\MST_64\BIN\TRANSFILE.PDB
F:\LEARN\CUDA  COM\MST_64\BIN\DEBUG\TRANSFILE.ILK
F:\LEARN\CUDA  COM\MST_64\BIN\DEBUG\TRANSFILE.EXE
F:\LEARN\CUDA  COM\MST_64\BIN\DEBUG\TRANSFILE.PDB
F:\LEARN\CUDA  COM\MST_64\BIN\CMP.ILK
F:\LEARN\CUDA  COM\MST_64\BIN\CMP.EXE
F:\LEARN\CUDA  COM\MST_64\BIN\CMP.PDB
F:\LEARN\CUDA  COM\MST_64\BIN\DEBUG\CMP.ILK
F:\LEARN\CUDA  COM\MST_64\BIN\DEBUG\CMP.EXE
F:\LEARN\CUDA  COM\MST_64\BIN\DEBUG\CMP.PDB
F:\LEARN\CUDA  COM\MST_64\BIN\DEBUG\BOOSTMST.ILK
F:\LEARN\CUDA  COM\MST_64\BIN\DEBUG\BOOSTMST.EXE
F:\LEARN\CUDA  COM\MST_64\BIN\DEBUG\BOOSTMST.PDB
F:\LEARN\CUDA  COM\MST_64\BIN\RELEASE\BOOSTMST.EXE
F:\LEARN\CUDA  COM\MST_64\BIN\RELEASE\BOOSTMST.PDB
F:\LEARN\CUDA  COM\MST_64\BIN\DEBUG\MST_64.ILK
F:\LEARN\CUDA  COM\MST_64\BIN\DEBUG\MST_64.EXE
F:\LEARN\CUDA  COM\MST_64\BIN\DEBUG\MST_64.PDB
F:\LEARN\CUDA  COM\MST_64\BIN\RELEASE\MST_64.EXE
F:\LEARN\CUDA  COM\MST_64\BIN\RELEASE\MST_64.PDB
F:\learn\cuda  com\MST_64\obj\Kernels.cu.cache
F:\learn\cuda  com\MST_64\obj\RecMST.cu.cache
F:\learn\cuda  com\MST_64\obj\RecMST.cuh.cache
F:\learn\cuda  com\MST_64\obj\boostMst.obj
F:\learn\cuda  com\MST_64\obj\cmp.obj
F:\learn\cuda  com\MST_64\obj\Kernels.cu.obj
F:\learn\cuda  com\MST_64\obj\main.obj
F:\learn\cuda  com\MST_64\obj\RecMST.cu.obj
F:\learn\cuda  com\MST_64\obj\TransFile.obj
F:\learn\cuda  com\MST_64\obj\cl.command.1.tlog
F:\learn\cuda  com\MST_64\obj\CL.read.1.tlog
F:\learn\cuda  com\MST_64\obj\CL.write.1.tlog
F:\learn\cuda  com\MST_64\obj\link-cvtres.read.1.tlog
F:\learn\cuda  com\MST_64\obj\link-cvtres.write.1.tlog
F:\learn\cuda  com\MST_64\obj\link-rc.read.1.tlog
F:\learn\cuda  com\MST_64\obj\link-rc.write.1.tlog
F:\learn\cuda  com\MST_64\obj\link.4188-cvtres.read.1.tlog
F:\learn\cuda  com\MST_64\obj\link.4188-cvtres.write.1.tlog
F:\learn\cuda  com\MST_64\obj\link.4188-rc.read.1.tlog
F:\learn\cuda  com\MST_64\obj\link.4188-rc.write.1.tlog
F:\learn\cuda  com\MST_64\obj\link.4188.read.1.tlog
F:\learn\cuda  com\MST_64\obj\link.4188.write.1.tlog
F:\learn\cuda  com\MST_64\obj\link.command.1.tlog
F:\learn\cuda  com\MST_64\obj\link.read.1.tlog
F:\learn\cuda  com\MST_64\obj\link.write.1.tlog
F:\learn\cuda  com\MST_64\obj\vc110.idb
F:\learn\cuda  com\MST_64\obj\vc110.pdb
